<?xml version="1.0" encoding="UTF-8"?>
<testsuite name="fr.labonbonniere.opusbeaute.ValidAdresseMailFormatUTest" time="0" tests="3" errors="0" skipped="0" failures="0">
  <properties>
    <property name="java.runtime.name" value="Java(TM) SE Runtime Environment"/>
    <property name="sun.boot.library.path" value="E:\Dev\Java\JDK\jre\bin"/>
    <property name="java.vm.version" value="25.121-b13"/>
    <property name="java.vm.vendor" value="Oracle Corporation"/>
    <property name="maven.multiModuleProjectDirectory" value="E:\dev\Projets\opusbeaute"/>
    <property name="java.vendor.url" value="http://java.oracle.com/"/>
    <property name="path.separator" value=";"/>
    <property name="guice.disable.misplaced.annotation.check" value="true"/>
    <property name="java.vm.name" value="Java HotSpot(TM) 64-Bit Server VM"/>
    <property name="file.encoding.pkg" value="sun.io"/>
    <property name="user.script" value=""/>
    <property name="user.country" value="FR"/>
    <property name="sun.java.launcher" value="SUN_STANDARD"/>
    <property name="sun.os.patch.level" value=""/>
    <property name="java.vm.specification.name" value="Java Virtual Machine Specification"/>
    <property name="user.dir" value="E:\Dev\Projets\opusbeaute"/>
    <property name="java.runtime.version" value="1.8.0_121-b13"/>
    <property name="java.awt.graphicsenv" value="sun.awt.Win32GraphicsEnvironment"/>
    <property name="java.endorsed.dirs" value="E:\Dev\Java\JDK\jre\lib\endorsed"/>
    <property name="os.arch" value="amd64"/>
    <property name="java.io.tmpdir" value="C:\Users\fred\AppData\Local\Temp\"/>
    <property name="line.separator" value="&#10;"/>
    <property name="java.vm.specification.vendor" value="Oracle Corporation"/>
    <property name="user.variant" value=""/>
    <property name="os.name" value="Windows 10"/>
    <property name="classworlds.conf" value="E:\Dev\maven\bin\m2.conf"/>
    <property name="sun.jnu.encoding" value="Cp1252"/>
    <property name="java.library.path" value="E:\Dev\Java\JDK\bin;C:\WINDOWS\Sun\Java\bin;C:\WINDOWS\system32;C:\WINDOWS;C:\WINDOWS\system32;C:\WINDOWS;C:\WINDOWS\System32\Wbem;C:\WINDOWS\System32\WindowsPowerShell\v1.0\;E:\Dev\Git\cmd;E:\Dev\Java\JDK\bin;E:\Dev\maven\bin;C:\Program Files\PostgreSQL\9.6\;C:\WINDOWS\System32\OpenSSH\;E:\Dev\Microsoft VS Code\bin;C:\Program Files\nodejs\;C:\Users\fred\AppData\Local\Microsoft\WindowsApps;E:\Dev\Microsoft VS Code\bin;C:\Users\fred\AppData\Local\Programs\Microsoft VS Code\bin;C:\Users\fred\AppData\Roaming\npm;C:\Users\fred\AppData\Local\Google\Cloud SDK\google-cloud-sdk\bin;."/>
    <property name="java.specification.name" value="Java Platform API Specification"/>
    <property name="java.class.version" value="52.0"/>
    <property name="sun.management.compiler" value="HotSpot 64-Bit Tiered Compilers"/>
    <property name="os.version" value="10.0"/>
    <property name="user.home" value="C:\Users\fred"/>
    <property name="user.timezone" value="Europe/Paris"/>
    <property name="java.awt.printerjob" value="sun.awt.windows.WPrinterJob"/>
    <property name="java.specification.version" value="1.8"/>
    <property name="file.encoding" value="Cp1252"/>
    <property name="user.name" value="fred"/>
    <property name="java.class.path" value="E:\Dev\maven\boot\plexus-classworlds-2.5.2.jar"/>
    <property name="java.vm.specification.version" value="1.8"/>
    <property name="sun.arch.data.model" value="64"/>
    <property name="java.home" value="E:\Dev\Java\JDK\jre"/>
    <property name="sun.java.command" value="org.codehaus.plexus.classworlds.launcher.Launcher install"/>
    <property name="java.specification.vendor" value="Oracle Corporation"/>
    <property name="user.language" value="fr"/>
    <property name="awt.toolkit" value="sun.awt.windows.WToolkit"/>
    <property name="java.vm.info" value="mixed mode"/>
    <property name="java.version" value="1.8.0_121"/>
    <property name="java.ext.dirs" value="E:\Dev\Java\JDK\jre\lib\ext;C:\WINDOWS\Sun\Java\lib\ext"/>
    <property name="sun.boot.class.path" value="E:\Dev\Java\JDK\jre\lib\resources.jar;E:\Dev\Java\JDK\jre\lib\rt.jar;E:\Dev\Java\JDK\jre\lib\sunrsasign.jar;E:\Dev\Java\JDK\jre\lib\jsse.jar;E:\Dev\Java\JDK\jre\lib\jce.jar;E:\Dev\Java\JDK\jre\lib\charsets.jar;E:\Dev\Java\JDK\jre\lib\jfr.jar;E:\Dev\Java\JDK\jre\classes"/>
    <property name="sun.stderr.encoding" value="cp850"/>
    <property name="java.vendor" value="Oracle Corporation"/>
    <property name="maven.home" value="E:\Dev\maven"/>
    <property name="file.separator" value="\"/>
    <property name="java.vendor.url.bug" value="http://bugreport.sun.com/bugreport/"/>
    <property name="sun.cpu.endian" value="little"/>
    <property name="sun.io.unicode.encoding" value="UnicodeLittle"/>
    <property name="sun.stdout.encoding" value="cp850"/>
    <property name="sun.desktop" value="windows"/>
    <property name="sun.cpu.isalist" value="amd64"/>
  </properties>
  <testcase name="setToFalseAWrongMailOne" classname="fr.labonbonniere.opusbeaute.ValidAdresseMailFormatUTest" time="0"/>
  <testcase name="setToFalseAWrongMailTwo" classname="fr.labonbonniere.opusbeaute.ValidAdresseMailFormatUTest" time="0"/>
  <testcase name="validFormatAdresseMail" classname="fr.labonbonniere.opusbeaute.ValidAdresseMailFormatUTest" time="0"/>
</testsuite>